<?xml version="1.0" encoding="UTF-8"?>
<!-- Generated by org.testng.reporters.JUnitXMLReporter -->
<testsuite ignored="0" hostname="Prasadgvv" failures="1" tests="2" name="Smoke" time="8.025" errors="0" timestamp="2023-09-25T16:42:08 IST">
  <testcase classname="com.testscripts.CreateAccount" name="createAccount" time="3.051">
    <skipped/>
  </testcase> <!-- createAccount -->
  <testcase classname="com.testscripts.CreateAccount" name="createAccount" time="2.465">
    <failure type="java.lang.AssertionError" message="expected [My Account] but found [Create New Customer Account]">
      <![CDATA[java.lang.AssertionError: expected [My Account] but found [Create New Customer Account]
at com.testscripts.CreateAccount.createAccount(CreateAccount.java:37)
at java.base/java.util.ArrayList.forEach(ArrayList.java:1511)
... Removed 33 stack frames]]>
    </failure>
  </testcase> <!-- createAccount -->
</testsuite> <!-- Smoke -->
