<?xml version="1.0" encoding="UTF-8"?>
<testng-results ignored="0" total="1" passed="1" failed="0" skipped="0">
  <reporter-output>
  </reporter-output>
  <suite started-at="2023-07-29T13:40:00 IST" name="Test Suite" finished-at="2023-07-29T13:40:02 IST" duration-ms="1355">
    <groups>
    </groups>
    <test started-at="2023-07-29T13:40:00 IST" name="Smoke" finished-at="2023-07-29T13:40:02 IST" duration-ms="1355">
      <class name="com.testScripts.CreateAccount">
        <test-method is-config="true" signature="browerSetUp(java.lang.String)[pri:0, instance:com.testScripts.CreateAccount@659499f1]" started-at="2023-07-29T13:39:51 IST" name="browerSetUp" finished-at="2023-07-29T13:40:00 IST" duration-ms="8693" status="PASS">
          <params>
            <param index="0">
              <value>
                <![CDATA[edge]]>
              </value>
            </param>
          </params>
          <reporter-output>
          </reporter-output>
        </test-method> <!-- browerSetUp -->
        <test-method signature="createAccount()[pri:0, instance:com.testScripts.CreateAccount@659499f1]" started-at="2023-07-29T13:40:00 IST" name="createAccount" finished-at="2023-07-29T13:40:01 IST" duration-ms="1315" status="PASS">
          <reporter-output>
          </reporter-output>
        </test-method> <!-- createAccount -->
        <test-method is-config="true" signature="tearDown()[pri:0, instance:com.testScripts.CreateAccount@659499f1]" started-at="2023-07-29T13:40:02 IST" name="tearDown" finished-at="2023-07-29T13:40:07 IST" duration-ms="5776" status="PASS">
          <reporter-output>
          </reporter-output>
        </test-method> <!-- tearDown -->
      </class> <!-- com.testScripts.CreateAccount -->
    </test> <!-- Smoke -->
  </suite> <!-- Test Suite -->
</testng-results>
